{"uuid":"1fc76b9d-6306-4ffe-b3fc-7186767e0f4b","historyId":"e8d8af062df8e282f9f54c2ec4e002de","testCaseId":"[engine:junit-jupiter]/[class:com.kotan4ik.tests.order.GetUserOrderTest]/[method:getUserOrderPositiveTestShouldReturn200AndBetOrdersResponseBody()]","testCaseName":"Positive test","fullName":"com.kotan4ik.tests.order.GetUserOrderTest.getUserOrderPositiveTestShouldReturn200AndBetOrdersResponseBody","labels":[{"name":"junit.platform.uniqueid","value":"[engine:junit-jupiter]/[class:com.kotan4ik.tests.order.GetUserOrderTest]/[method:getUserOrderPositiveTestShouldReturn200AndBetOrdersResponseBody()]"},{"name":"feature","value":"Get user orders"},{"name":"epic","value":"Order management"},{"name":"host","value":"MacBook-Pro.local"},{"name":"thread","value":"32755@MacBook-Pro.local.main(1)"},{"name":"framework","value":"junit-platform"},{"name":"language","value":"java"},{"name":"package","value":"com.kotan4ik.tests.order.GetUserOrderTest"},{"name":"testClass","value":"com.kotan4ik.tests.order.GetUserOrderTest"},{"name":"testMethod","value":"getUserOrderPositiveTestShouldReturn200AndBetOrdersResponseBody"},{"name":"suite","value":"Get user orders tests"}],"links":[],"name":"Positive test","status":"failed","statusDetails":{"known":false,"muted":false,"flaky":false,"message":"Unexpected exception thrown: com.fasterxml.jackson.databind.exc.UnrecognizedPropertyException: Unrecognized field \"name\" (class com.kotan4ik.models.OrderFull), not marked as ignorable (6 known properties: \"ingredients\", \"number\", \"_id\", \"createdAt\", \"updatedAt\", \"status\"])\n at [Source: REDACTED (`StreamReadFeature.INCLUDE_SOURCE_IN_LOCATION` disabled); line: 1, column: 155] (through reference chain: com.kotan4ik.models.GetOrdersResponse[\"orders\"]->java.util.ArrayList[0]->com.kotan4ik.models.OrderFull[\"name\"])","trace":"org.opentest4j.AssertionFailedError: Unexpected exception thrown: com.fasterxml.jackson.databind.exc.UnrecognizedPropertyException: Unrecognized field \"name\" (class com.kotan4ik.models.OrderFull), not marked as ignorable (6 known properties: \"ingredients\", \"number\", \"_id\", \"createdAt\", \"updatedAt\", \"status\"])\n at [Source: REDACTED (`StreamReadFeature.INCLUDE_SOURCE_IN_LOCATION` disabled); line: 1, column: 155] (through reference chain: com.kotan4ik.models.GetOrdersResponse[\"orders\"]->java.util.ArrayList[0]->com.kotan4ik.models.OrderFull[\"name\"])\n\tat org.junit.jupiter.api.AssertionFailureBuilder.build(AssertionFailureBuilder.java:152)\n\tat org.junit.jupiter.api.AssertDoesNotThrow.createAssertionFailedError(AssertDoesNotThrow.java:84)\n\tat org.junit.jupiter.api.AssertDoesNotThrow.assertDoesNotThrow(AssertDoesNotThrow.java:75)\n\tat org.junit.jupiter.api.AssertDoesNotThrow.assertDoesNotThrow(AssertDoesNotThrow.java:58)\n\tat org.junit.jupiter.api.Assertions.assertDoesNotThrow(Assertions.java:3228)\n\tat com.kotan4ik.requests.OrderApiMethods.checkSuccessfulGetUserOrdersResponse(OrderApiMethods.java:78)\n\tat com.kotan4ik.tests.order.GetUserOrderTest.getUserOrderPositiveTestShouldReturn200AndBetOrdersResponseBody(GetUserOrderTest.java:44)\n\tat java.base/java.lang.reflect.Method.invoke(Method.java:569)\n\tat java.base/java.util.ArrayList.forEach(ArrayList.java:1511)\n\tat java.base/java.util.ArrayList.forEach(ArrayList.java:1511)\nCaused by: com.fasterxml.jackson.databind.exc.UnrecognizedPropertyException: Unrecognized field \"name\" (class com.kotan4ik.models.OrderFull), not marked as ignorable (6 known properties: \"ingredients\", \"number\", \"_id\", \"createdAt\", \"updatedAt\", \"status\"])\n at [Source: REDACTED (`StreamReadFeature.INCLUDE_SOURCE_IN_LOCATION` disabled); line: 1, column: 155] (through reference chain: com.kotan4ik.models.GetOrdersResponse[\"orders\"]->java.util.ArrayList[0]->com.kotan4ik.models.OrderFull[\"name\"])\n\tat com.fasterxml.jackson.databind.exc.UnrecognizedPropertyException.from(UnrecognizedPropertyException.java:61)\n\tat com.fasterxml.jackson.databind.DeserializationContext.handleUnknownProperty(DeserializationContext.java:1153)\n\tat com.fasterxml.jackson.databind.deser.std.StdDeserializer.handleUnknownProperty(StdDeserializer.java:2241)\n\tat com.fasterxml.jackson.databind.deser.BeanDeserializerBase.handleUnknownProperty(BeanDeserializerBase.java:1793)\n\tat com.fasterxml.jackson.databind.deser.BeanDeserializerBase.handleUnknownVanilla(BeanDeserializerBase.java:1771)\n\tat com.fasterxml.jackson.databind.deser.BeanDeserializer.vanillaDeserialize(BeanDeserializer.java:316)\n\tat com.fasterxml.jackson.databind.deser.BeanDeserializer.deserialize(BeanDeserializer.java:177)\n\tat com.fasterxml.jackson.databind.deser.std.CollectionDeserializer._deserializeFromArray(CollectionDeserializer.java:361)\n\tat com.fasterxml.jackson.databind.deser.std.CollectionDeserializer.deserialize(CollectionDeserializer.java:246)\n\tat com.fasterxml.jackson.databind.deser.std.CollectionDeserializer.deserialize(CollectionDeserializer.java:30)\n\tat com.fasterxml.jackson.databind.deser.impl.FieldProperty.deserializeAndSet(FieldProperty.java:138)\n\tat com.fasterxml.jackson.databind.deser.BeanDeserializer.vanillaDeserialize(BeanDeserializer.java:310)\n\tat com.fasterxml.jackson.databind.deser.BeanDeserializer.deserialize(BeanDeserializer.java:177)\n\tat com.fasterxml.jackson.databind.deser.DefaultDeserializationContext.readRootValue(DefaultDeserializationContext.java:342)\n\tat com.fasterxml.jackson.databind.ObjectMapper._readMapAndClose(ObjectMapper.java:4905)\n\tat com.fasterxml.jackson.databind.ObjectMapper.readValue(ObjectMapper.java:3848)\n\tat com.fasterxml.jackson.databind.ObjectMapper.readValue(ObjectMapper.java:3816)\n\tat com.kotan4ik.requests.BaseRequest.fromJson(BaseRequest.java:24)\n\tat com.kotan4ik.requests.OrderApiMethods.lambda$checkSuccessfulGetUserOrdersResponse$4(OrderApiMethods.java:78)\n\tat org.junit.jupiter.api.AssertDoesNotThrow.assertDoesNotThrow(AssertDoesNotThrow.java:71)\n\t... 7 more\n"},"stage":"finished","description":"Positive test of getting user orders. Should return code 200 and GetOrdersResponse body","steps":[{"name":"Sending createUser request with email = 893855051testUserName@test.com, password = 12345678, name = 893855051testUserName","status":"passed","stage":"finished","steps":[],"attachments":[],"parameters":[{"name":"email","value":"893855051testUserName@test.com"},{"name":"password","value":"12345678"},{"name":"name","value":"893855051testUserName"}],"start":1727613429475,"stop":1727613431566},{"name":"Parsing response to get token","status":"passed","stage":"finished","steps":[],"attachments":[],"parameters":[{"name":"response","value":"io.restassured.internal.RestAssuredResponseImpl@fc21ff4"}],"start":1727613431566,"stop":1727613431596},{"name":"Create order request with ingredients = [61c0c5a71d1f82001bdaaa6d, 61c0c5a71d1f82001bdaaa6f] and token = eyJhbGciOiJIUzI1NiIsInR5cCI6IkpXVCJ9.eyJpZCI6IjY2Zjk0OWY3OWVkMjgwMDAxYjRjNzgwMCIsImlhdCI6MTcyNzYxMzQzMSwiZXhwIjoxNzI3NjE0NjMxfQ.OPRzt7DB5070taGqElYoQpZORmxP_Z5nxnw2mHlWWV8","status":"passed","stage":"finished","steps":[],"attachments":[],"parameters":[{"name":"ingredientList","value":"[61c0c5a71d1f82001bdaaa6d, 61c0c5a71d1f82001bdaaa6f]"},{"name":"token","value":"eyJhbGciOiJIUzI1NiIsInR5cCI6IkpXVCJ9.eyJpZCI6IjY2Zjk0OWY3OWVkMjgwMDAxYjRjNzgwMCIsImlhdCI6MTcyNzYxMzQzMSwiZXhwIjoxNzI3NjE0NjMxfQ.OPRzt7DB5070taGqElYoQpZORmxP_Z5nxnw2mHlWWV8"}],"start":1727613431602,"stop":1727613433406},{"name":"Get user orders request with token =eyJhbGciOiJIUzI1NiIsInR5cCI6IkpXVCJ9.eyJpZCI6IjY2Zjk0OWY3OWVkMjgwMDAxYjRjNzgwMCIsImlhdCI6MTcyNzYxMzQzMSwiZXhwIjoxNzI3NjE0NjMxfQ.OPRzt7DB5070taGqElYoQpZORmxP_Z5nxnw2mHlWWV8","status":"passed","stage":"finished","steps":[],"attachments":[],"parameters":[{"name":"token","value":"eyJhbGciOiJIUzI1NiIsInR5cCI6IkpXVCJ9.eyJpZCI6IjY2Zjk0OWY3OWVkMjgwMDAxYjRjNzgwMCIsImlhdCI6MTcyNzYxMzQzMSwiZXhwIjoxNzI3NjE0NjMxfQ.OPRzt7DB5070taGqElYoQpZORmxP_Z5nxnw2mHlWWV8"}],"start":1727613433412,"stop":1727613434071},{"name":"Checking response code is equal to expected 200","status":"passed","stage":"finished","steps":[],"attachments":[],"parameters":[{"name":"response","value":"io.restassured.internal.RestAssuredResponseImpl@2643ed03"},{"name":"expCode","value":"200"}],"start":1727613434074,"stop":1727613434076},{"name":"Checking successful get user orders body is valid","status":"failed","statusDetails":{"known":false,"muted":false,"flaky":false,"message":"Unexpected exception thrown: com.fasterxml.jackson.databind.exc.UnrecognizedPropertyException: Unrecognized field \"name\" (class com.kotan4ik.models.OrderFull), not marked as ignorable (6 known properties: \"ingredients\", \"number\", \"_id\", \"createdAt\", \"updatedAt\", \"status\"])\n at [Source: REDACTED (`StreamReadFeature.INCLUDE_SOURCE_IN_LOCATION` disabled); line: 1, column: 155] (through reference chain: com.kotan4ik.models.GetOrdersResponse[\"orders\"]->java.util.ArrayList[0]->com.kotan4ik.models.OrderFull[\"name\"])","trace":"org.opentest4j.AssertionFailedError: Unexpected exception thrown: com.fasterxml.jackson.databind.exc.UnrecognizedPropertyException: Unrecognized field \"name\" (class com.kotan4ik.models.OrderFull), not marked as ignorable (6 known properties: \"ingredients\", \"number\", \"_id\", \"createdAt\", \"updatedAt\", \"status\"])\n at [Source: REDACTED (`StreamReadFeature.INCLUDE_SOURCE_IN_LOCATION` disabled); line: 1, column: 155] (through reference chain: com.kotan4ik.models.GetOrdersResponse[\"orders\"]->java.util.ArrayList[0]->com.kotan4ik.models.OrderFull[\"name\"])\n\tat org.junit.jupiter.api.AssertionFailureBuilder.build(AssertionFailureBuilder.java:152)\n\tat org.junit.jupiter.api.AssertDoesNotThrow.createAssertionFailedError(AssertDoesNotThrow.java:84)\n\tat org.junit.jupiter.api.AssertDoesNotThrow.assertDoesNotThrow(AssertDoesNotThrow.java:75)\n\tat org.junit.jupiter.api.AssertDoesNotThrow.assertDoesNotThrow(AssertDoesNotThrow.java:58)\n\tat org.junit.jupiter.api.Assertions.assertDoesNotThrow(Assertions.java:3228)\n\tat com.kotan4ik.requests.OrderApiMethods.checkSuccessfulGetUserOrdersResponse(OrderApiMethods.java:78)\n\tat com.kotan4ik.tests.order.GetUserOrderTest.getUserOrderPositiveTestShouldReturn200AndBetOrdersResponseBody(GetUserOrderTest.java:44)\n\tat java.base/jdk.internal.reflect.NativeMethodAccessorImpl.invoke0(Native Method)\n\tat java.base/jdk.internal.reflect.NativeMethodAccessorImpl.invoke(NativeMethodAccessorImpl.java:77)\n\tat java.base/jdk.internal.reflect.DelegatingMethodAccessorImpl.invoke(DelegatingMethodAccessorImpl.java:43)\n\tat java.base/java.lang.reflect.Method.invoke(Method.java:569)\n\tat org.junit.platform.commons.util.ReflectionUtils.invokeMethod(ReflectionUtils.java:728)\n\tat org.junit.jupiter.engine.execution.MethodInvocation.proceed(MethodInvocation.java:60)\n\tat org.junit.jupiter.engine.execution.InvocationInterceptorChain$ValidatingInvocation.proceed(InvocationInterceptorChain.java:131)\n\tat org.junit.jupiter.engine.extension.TimeoutExtension.intercept(TimeoutExtension.java:156)\n\tat org.junit.jupiter.engine.extension.TimeoutExtension.interceptTestableMethod(TimeoutExtension.java:147)\n\tat org.junit.jupiter.engine.extension.TimeoutExtension.interceptTestMethod(TimeoutExtension.java:86)\n\tat org.junit.jupiter.engine.execution.InterceptingExecutableInvoker$ReflectiveInterceptorCall.lambda$ofVoidMethod$0(InterceptingExecutableInvoker.java:103)\n\tat org.junit.jupiter.engine.execution.InterceptingExecutableInvoker.lambda$invoke$0(InterceptingExecutableInvoker.java:93)\n\tat org.junit.jupiter.engine.execution.InvocationInterceptorChain$InterceptedInvocation.proceed(InvocationInterceptorChain.java:106)\n\tat org.junit.jupiter.engine.execution.InvocationInterceptorChain.proceed(InvocationInterceptorChain.java:64)\n\tat org.junit.jupiter.engine.execution.InvocationInterceptorChain.chainAndInvoke(InvocationInterceptorChain.java:45)\n\tat org.junit.jupiter.engine.execution.InvocationInterceptorChain.invoke(InvocationInterceptorChain.java:37)\n\tat org.junit.jupiter.engine.execution.InterceptingExecutableInvoker.invoke(InterceptingExecutableInvoker.java:92)\n\tat org.junit.jupiter.engine.execution.InterceptingExecutableInvoker.invoke(InterceptingExecutableInvoker.java:86)\n\tat org.junit.jupiter.engine.descriptor.TestMethodTestDescriptor.lambda$invokeTestMethod$7(TestMethodTestDescriptor.java:218)\n\tat org.junit.platform.engine.support.hierarchical.ThrowableCollector.execute(ThrowableCollector.java:73)\n\tat org.junit.jupiter.engine.descriptor.TestMethodTestDescriptor.invokeTestMethod(TestMethodTestDescriptor.java:214)\n\tat org.junit.jupiter.engine.descriptor.TestMethodTestDescriptor.execute(TestMethodTestDescriptor.java:139)\n\tat org.junit.jupiter.engine.descriptor.TestMethodTestDescriptor.execute(TestMethodTestDescriptor.java:69)\n\tat org.junit.platform.engine.support.hierarchical.NodeTestTask.lambda$executeRecursively$6(NodeTestTask.java:151)\n\tat org.junit.platform.engine.support.hierarchical.ThrowableCollector.execute(ThrowableCollector.java:73)\n\tat org.junit.platform.engine.support.hierarchical.NodeTestTask.lambda$executeRecursively$8(NodeTestTask.java:141)\n\tat org.junit.platform.engine.support.hierarchical.Node.around(Node.java:137)\n\tat org.junit.platform.engine.support.hierarchical.NodeTestTask.lambda$executeRecursively$9(NodeTestTask.java:139)\n\tat org.junit.platform.engine.support.hierarchical.ThrowableCollector.execute(ThrowableCollector.java:73)\n\tat org.junit.platform.engine.support.hierarchical.NodeTestTask.executeRecursively(NodeTestTask.java:138)\n\tat org.junit.platform.engine.support.hierarchical.NodeTestTask.execute(NodeTestTask.java:95)\n\tat java.base/java.util.ArrayList.forEach(ArrayList.java:1511)\n\tat org.junit.platform.engine.support.hierarchical.SameThreadHierarchicalTestExecutorService.invokeAll(SameThreadHierarchicalTestExecutorService.java:41)\n\tat org.junit.platform.engine.support.hierarchical.NodeTestTask.lambda$executeRecursively$6(NodeTestTask.java:155)\n\tat org.junit.platform.engine.support.hierarchical.ThrowableCollector.execute(ThrowableCollector.java:73)\n\tat org.junit.platform.engine.support.hierarchical.NodeTestTask.lambda$executeRecursively$8(NodeTestTask.java:141)\n\tat org.junit.platform.engine.support.hierarchical.Node.around(Node.java:137)\n\tat org.junit.platform.engine.support.hierarchical.NodeTestTask.lambda$executeRecursively$9(NodeTestTask.java:139)\n\tat org.junit.platform.engine.support.hierarchical.ThrowableCollector.execute(ThrowableCollector.java:73)\n\tat org.junit.platform.engine.support.hierarchical.NodeTestTask.executeRecursively(NodeTestTask.java:138)\n\tat org.junit.platform.engine.support.hierarchical.NodeTestTask.execute(NodeTestTask.java:95)\n\tat java.base/java.util.ArrayList.forEach(ArrayList.java:1511)\n\tat org.junit.platform.engine.support.hierarchical.SameThreadHierarchicalTestExecutorService.invokeAll(SameThreadHierarchicalTestExecutorService.java:41)\n\tat org.junit.platform.engine.support.hierarchical.NodeTestTask.lambda$executeRecursively$6(NodeTestTask.java:155)\n\tat org.junit.platform.engine.support.hierarchical.ThrowableCollector.execute(ThrowableCollector.java:73)\n\tat org.junit.platform.engine.support.hierarchical.NodeTestTask.lambda$executeRecursively$8(NodeTestTask.java:141)\n\tat org.junit.platform.engine.support.hierarchical.Node.around(Node.java:137)\n\tat org.junit.platform.engine.support.hierarchical.NodeTestTask.lambda$executeRecursively$9(NodeTestTask.java:139)\n\tat org.junit.platform.engine.support.hierarchical.ThrowableCollector.execute(ThrowableCollector.java:73)\n\tat org.junit.platform.engine.support.hierarchical.NodeTestTask.executeRecursively(NodeTestTask.java:138)\n\tat org.junit.platform.engine.support.hierarchical.NodeTestTask.execute(NodeTestTask.java:95)\n\tat org.junit.platform.engine.support.hierarchical.SameThreadHierarchicalTestExecutorService.submit(SameThreadHierarchicalTestExecutorService.java:35)\n\tat org.junit.platform.engine.support.hierarchical.HierarchicalTestExecutor.execute(HierarchicalTestExecutor.java:57)\n\tat org.junit.platform.engine.support.hierarchical.HierarchicalTestEngine.execute(HierarchicalTestEngine.java:54)\n\tat org.junit.platform.launcher.core.EngineExecutionOrchestrator.execute(EngineExecutionOrchestrator.java:198)\n\tat org.junit.platform.launcher.core.EngineExecutionOrchestrator.execute(EngineExecutionOrchestrator.java:169)\n\tat org.junit.platform.launcher.core.EngineExecutionOrchestrator.execute(EngineExecutionOrchestrator.java:93)\n\tat org.junit.platform.launcher.core.EngineExecutionOrchestrator.lambda$execute$0(EngineExecutionOrchestrator.java:58)\n\tat org.junit.platform.launcher.core.EngineExecutionOrchestrator.withInterceptedStreams(EngineExecutionOrchestrator.java:141)\n\tat org.junit.platform.launcher.core.EngineExecutionOrchestrator.execute(EngineExecutionOrchestrator.java:57)\n\tat org.junit.platform.launcher.core.DefaultLauncher.execute(DefaultLauncher.java:103)\n\tat org.junit.platform.launcher.core.DefaultLauncher.execute(DefaultLauncher.java:85)\n\tat org.junit.platform.launcher.core.DelegatingLauncher.execute(DelegatingLauncher.java:47)\n\tat org.apache.maven.surefire.junitplatform.LazyLauncher.execute(LazyLauncher.java:56)\n\tat org.apache.maven.surefire.junitplatform.JUnitPlatformProvider.execute(JUnitPlatformProvider.java:184)\n\tat org.apache.maven.surefire.junitplatform.JUnitPlatformProvider.invokeAllTests(JUnitPlatformProvider.java:148)\n\tat org.apache.maven.surefire.junitplatform.JUnitPlatformProvider.invoke(JUnitPlatformProvider.java:122)\n\tat org.apache.maven.surefire.booter.ForkedBooter.runSuitesInProcess(ForkedBooter.java:385)\n\tat org.apache.maven.surefire.booter.ForkedBooter.execute(ForkedBooter.java:162)\n\tat org.apache.maven.surefire.booter.ForkedBooter.run(ForkedBooter.java:507)\n\tat org.apache.maven.surefire.booter.ForkedBooter.main(ForkedBooter.java:495)\nCaused by: com.fasterxml.jackson.databind.exc.UnrecognizedPropertyException: Unrecognized field \"name\" (class com.kotan4ik.models.OrderFull), not marked as ignorable (6 known properties: \"ingredients\", \"number\", \"_id\", \"createdAt\", \"updatedAt\", \"status\"])\n at [Source: REDACTED (`StreamReadFeature.INCLUDE_SOURCE_IN_LOCATION` disabled); line: 1, column: 155] (through reference chain: com.kotan4ik.models.GetOrdersResponse[\"orders\"]->java.util.ArrayList[0]->com.kotan4ik.models.OrderFull[\"name\"])\n\tat com.fasterxml.jackson.databind.exc.UnrecognizedPropertyException.from(UnrecognizedPropertyException.java:61)\n\tat com.fasterxml.jackson.databind.DeserializationContext.handleUnknownProperty(DeserializationContext.java:1153)\n\tat com.fasterxml.jackson.databind.deser.std.StdDeserializer.handleUnknownProperty(StdDeserializer.java:2241)\n\tat com.fasterxml.jackson.databind.deser.BeanDeserializerBase.handleUnknownProperty(BeanDeserializerBase.java:1793)\n\tat com.fasterxml.jackson.databind.deser.BeanDeserializerBase.handleUnknownVanilla(BeanDeserializerBase.java:1771)\n\tat com.fasterxml.jackson.databind.deser.BeanDeserializer.vanillaDeserialize(BeanDeserializer.java:316)\n\tat com.fasterxml.jackson.databind.deser.BeanDeserializer.deserialize(BeanDeserializer.java:177)\n\tat com.fasterxml.jackson.databind.deser.std.CollectionDeserializer._deserializeFromArray(CollectionDeserializer.java:361)\n\tat com.fasterxml.jackson.databind.deser.std.CollectionDeserializer.deserialize(CollectionDeserializer.java:246)\n\tat com.fasterxml.jackson.databind.deser.std.CollectionDeserializer.deserialize(CollectionDeserializer.java:30)\n\tat com.fasterxml.jackson.databind.deser.impl.FieldProperty.deserializeAndSet(FieldProperty.java:138)\n\tat com.fasterxml.jackson.databind.deser.BeanDeserializer.vanillaDeserialize(BeanDeserializer.java:310)\n\tat com.fasterxml.jackson.databind.deser.BeanDeserializer.deserialize(BeanDeserializer.java:177)\n\tat com.fasterxml.jackson.databind.deser.DefaultDeserializationContext.readRootValue(DefaultDeserializationContext.java:342)\n\tat com.fasterxml.jackson.databind.ObjectMapper._readMapAndClose(ObjectMapper.java:4905)\n\tat com.fasterxml.jackson.databind.ObjectMapper.readValue(ObjectMapper.java:3848)\n\tat com.fasterxml.jackson.databind.ObjectMapper.readValue(ObjectMapper.java:3816)\n\tat com.kotan4ik.requests.BaseRequest.fromJson(BaseRequest.java:24)\n\tat com.kotan4ik.requests.OrderApiMethods.lambda$checkSuccessfulGetUserOrdersResponse$4(OrderApiMethods.java:78)\n\tat org.junit.jupiter.api.AssertDoesNotThrow.assertDoesNotThrow(AssertDoesNotThrow.java:71)\n\t... 75 more\n"},"stage":"finished","steps":[],"attachments":[],"parameters":[{"name":"response","value":"io.restassured.internal.RestAssuredResponseImpl@2643ed03"}],"start":1727613434076,"stop":1727613434094},{"name":"Deleting user with token = eyJhbGciOiJIUzI1NiIsInR5cCI6IkpXVCJ9.eyJpZCI6IjY2Zjk0OWY3OWVkMjgwMDAxYjRjNzgwMCIsImlhdCI6MTcyNzYxMzQzMSwiZXhwIjoxNzI3NjE0NjMxfQ.OPRzt7DB5070taGqElYoQpZORmxP_Z5nxnw2mHlWWV8","status":"passed","stage":"finished","steps":[],"attachments":[],"parameters":[{"name":"token","value":"eyJhbGciOiJIUzI1NiIsInR5cCI6IkpXVCJ9.eyJpZCI6IjY2Zjk0OWY3OWVkMjgwMDAxYjRjNzgwMCIsImlhdCI6MTcyNzYxMzQzMSwiZXhwIjoxNzI3NjE0NjMxfQ.OPRzt7DB5070taGqElYoQpZORmxP_Z5nxnw2mHlWWV8"}],"start":1727613434096,"stop":1727613434876}],"attachments":[],"parameters":[],"start":1727613429039,"stop":1727613434892}